<?xml version="1.0" encoding="UTF-8"?>
<testng-results ignored="0" total="1" passed="1" failed="0" skipped="0">
  <reporter-output>
  </reporter-output>
  <suite started-at="2019-06-12T19:24:39Z" name="MyLoginTest" finished-at="2019-06-12T19:24:45Z" duration-ms="6716">
    <groups>
    </groups>
    <test started-at="2019-06-12T19:24:39Z" name="LoginTest" finished-at="2019-06-12T19:24:45Z" duration-ms="6716">
      <class name="test.LoginTest">
        <test-method signature="loginTest()[pri:0, instance:test.LoginTest@436a4e4b]" started-at="2019-06-12T19:24:39Z" name="loginTest" finished-at="2019-06-12T19:24:45Z" duration-ms="6698" status="PASS">
          <reporter-output>
          </reporter-output>
        </test-method> <!-- loginTest -->
      </class> <!-- test.LoginTest -->
    </test> <!-- LoginTest -->
  </suite> <!-- MyLoginTest -->
</testng-results>
