<?xml version="1.0" encoding="UTF-8"?>
<testng-results ignored="0" total="2" passed="2" failed="0" skipped="0">
  <reporter-output>
  </reporter-output>
  <suite started-at="2019-06-13T17:17:18Z" name="TestNG" finished-at="2019-06-13T17:17:38Z" duration-ms="20269">
    <groups>
    </groups>
    <test started-at="2019-06-13T17:17:18Z" name="TestNG" finished-at="2019-06-13T17:17:25Z" duration-ms="7234">
      <class name="test.LoginTest">
        <test-method signature="loginTest()[pri:0, instance:test.LoginTest@436a4e4b]" started-at="2019-06-13T17:17:18Z" name="loginTest" finished-at="2019-06-13T17:17:25Z" duration-ms="7213" status="PASS">
          <reporter-output>
          </reporter-output>
        </test-method> <!-- loginTest -->
      </class> <!-- test.LoginTest -->
    </test> <!-- TestNG -->
    <test started-at="2019-06-13T17:17:25Z" name="AddExpenseTest" finished-at="2019-06-13T17:17:38Z" duration-ms="12967">
      <class name="test.AddExpenseTest">
        <test-method signature="AddExpenseToVerifyExpensePosted()[pri:0, instance:test.AddExpenseTest@78b729e6]" started-at="2019-06-13T17:17:25Z" name="AddExpenseToVerifyExpensePosted" finished-at="2019-06-13T17:17:38Z" duration-ms="12963" status="PASS">
          <reporter-output>
          </reporter-output>
        </test-method> <!-- AddExpenseToVerifyExpensePosted -->
      </class> <!-- test.AddExpenseTest -->
    </test> <!-- AddExpenseTest -->
  </suite> <!-- TestNG -->
</testng-results>
